Category:Articles	296.764913931299
United States	220.83945941418636
France	200.03515933440062
Category:Living people	133.84726952311536
Category:Social sciences	133.2576794396409
Category:Contents	125.58187184842623
Category:People	124.42654401465975
Category:Science	109.36979159522943
Category:Everyday life	93.09723735062163
Category:Culture	83.51708371847828
Japan	81.54241380660788
Category:Humanities	65.02320490684028
Category:European countries	64.4988800682885
Category:Society	61.98425607158715
Category:States of the United States	61.58883264297226
Europe	55.22523216416334
England	55.1441154864103
Sweden	49.468790405795815
United Kingdom	47.87676951955236
List of Internet top-level domains	46.66776845059319
Category:Categories by nationality	46.36254103801251
India	43.941408828453696
Germany	43.91952100275726
Pakistan	42.481430536539875
Category:Wikipedia templates	40.28882359426896
Category:Biology	38.17944135345882
Australia	37.69007057140056
London	36.579440302233515
Category:Politics	34.59355722311605
Italy	34.292638810537305
Canada	34.16185895756222
Category:Natural sciences	32.648955713454804
Category:Scientific disciplines	32.50137792943311
Category:Entertainment	30.86989846129261
Spain	30.079864437027172
Animal	29.97896892653427
Category:Countries by continent	29.641220699588075
World War II	28.967580038067013
New York City	28.248645911277176
Category:Administrative regions of France	28.11579514069206
Russia	27.79480829066974
California	27.724920911170994
Category:Sports	27.476907539048213
Brazil	27.18251125269579
Switzerland	26.780412059290786
Category:Computing	26.082993992789085
Iowa	25.615352419004033
Category:People by occupation	24.931005768897048
Category:Asian countries	24.41313269641708
China	24.073878809847596
Category:Landforms	24.024481979722193
Pays de la Loire	23.864919413903003
Islam	23.362385207964934
Category:American movie actors	23.2788905434311
Category:Cities in Iowa	22.98764714402637
Asia	22.4207035842944
Paris	22.203179894659165
Africa	22.157132098460423
Category:North American countries	22.069519139151648
Illinois	21.90766238959573
List of popes	21.753880031872775
Category:American television actors	21.54113355481588
Category:Continents	21.492610352957556
Category:Categories by genre	21.137511628635632
Category:Subtemplates of Template Infobox road	20.932621441514446
New York	20.66891351189106
Scotland	20.25350804778744
North America	20.040663250940675
Category:Language	19.55255495405958
Category:Communication	19.48976287840745
Category:Highway infobox templates	19.3505561432812
Nord-Pas-de-Calais	19.30943751803926
Category:Categories by continent	19.30090472297077
Category:Physics	18.56078322692969
Pas-de-Calais	18.314133555764673
Category:Economics	18.30674095585535
Category:Leisure	18.141717890405392
Romania	17.947448553216415
Category:Movies by genre	17.90096057320743
Florida	17.898539728977557
Category:Games	17.885746113883325
Category:Religion	17.874819219092647
Category:England	17.872089655238945
World War I	17.764332301735553
Picardie	17.750838565407015
Rhône-Alpes	17.693212841398417
Los Angeles	17.235946609737766
Category:Mathematics	17.175454487995843
2006	17.129848791644708
Category:Technology	16.99520410157543
Category:Nature	16.875329750104637
Aisne	16.866276687714915
Picardy	16.85119527745295
Chicago	16.83277447615866
European Union	16.781370978389237
Category:Government	16.695221518102798
Basse-Normandie	16.66811343135222
Mexico	16.631930853551555
Category:Regions of England	16.595299269953124
Category:Literature	16.563344928778392
